DEPRECATION WARNING: config.action_view.debug_rjs will be removed in 3.1, from 3.1 onwards you will need to install prototype-rails to continue to use RJS templates . (called from /opt/nd/home/rjohns14/git_dir/atrium/config/environment.rb:5)
DEPRECATION WARNING: config.action_view.debug_rjs will be removed in 3.1, from 3.1 onwards you will need to install prototype-rails to continue to use RJS templates . (called from /opt/nd/home/rjohns14/git_dir/atrium/config/environment.rb:5)
DEPRECATION WARNING: config.action_view.debug_rjs will be removed in 3.1, from 3.1 onwards you will need to install prototype-rails to continue to use RJS templates . (called from /opt/nd/home/rjohns14/git_dir/atrium/config/environment.rb:5)
DEPRECATION WARNING: config.action_view.debug_rjs will be removed in 3.1, from 3.1 onwards you will need to install prototype-rails to continue to use RJS templates . (called from /opt/nd/home/rjohns14/git_dir/atrium/config/environment.rb:5)
DEPRECATION WARNING: config.action_view.debug_rjs will be removed in 3.1, from 3.1 onwards you will need to install prototype-rails to continue to use RJS templates . (called from /opt/nd/home/rjohns14/git_dir/atrium/config/environment.rb:5)
DEPRECATION WARNING: config.action_view.debug_rjs will be removed in 3.1, from 3.1 onwards you will need to install prototype-rails to continue to use RJS templates . (called from /opt/nd/home/rjohns14/git_dir/atrium/config/environment.rb:5)
  [1m[36mSQL (0.3ms)[0m  [1m SELECT name
 FROM sqlite_master
 WHERE type = 'table' AND NOT name = 'sqlite_sequence'
[0m
  [1m[35mSQL (0.1ms)[0m  select sqlite_version(*)
  [1m[36mSQL (27.9ms)[0m  [1mCREATE TABLE "schema_migrations" ("version" varchar(255) NOT NULL) [0m
  [1m[35mSQL (0.1ms)[0m  PRAGMA index_list("schema_migrations")
  [1m[36mSQL (25.3ms)[0m  [1mCREATE UNIQUE INDEX "unique_schema_migrations" ON "schema_migrations" ("version")[0m
  [1m[35mSQL (0.2ms)[0m   SELECT name
 FROM sqlite_master
 WHERE type = 'table' AND NOT name = 'sqlite_sequence'
  [1m[36mSQL (0.3ms)[0m  [1m SELECT name
 FROM sqlite_master
 WHERE type = 'table' AND NOT name = 'sqlite_sequence'
[0m
  [1m[35mSQL (0.2ms)[0m  SELECT "schema_migrations"."version" FROM "schema_migrations"
Migrating to DeviseCreateUsers (20110721180000)
  [1m[36mSQL (0.4ms)[0m  [1mCREATE TABLE "users" ("id" INTEGER PRIMARY KEY AUTOINCREMENT NOT NULL, "email" varchar(255) DEFAULT '' NOT NULL, "encrypted_password" varchar(128) DEFAULT '' NOT NULL, "reset_password_token" varchar(255), "reset_password_sent_at" datetime, "remember_created_at" datetime, "sign_in_count" integer DEFAULT 0, "current_sign_in_at" datetime, "last_sign_in_at" datetime, "current_sign_in_ip" varchar(255), "last_sign_in_ip" varchar(255), "created_at" datetime, "updated_at" datetime) [0m
  [1m[35mSQL (0.0ms)[0m  PRAGMA index_list("users")
  [1m[36mSQL (0.2ms)[0m  [1mCREATE UNIQUE INDEX "index_users_on_email" ON "users" ("email")[0m
  [1m[35mSQL (0.1ms)[0m  PRAGMA index_list("users")
  [1m[36mSQL (0.0ms)[0m  [1mPRAGMA index_info('index_users_on_email')[0m
  [1m[35mSQL (0.1ms)[0m  CREATE UNIQUE INDEX "index_users_on_reset_password_token" ON "users" ("reset_password_token")
  [1m[36mSQL (0.1ms)[0m  [1mINSERT INTO "schema_migrations" ("version") VALUES ('20110721180000')[0m
Migrating to CreateSearches (20110721180006)
  [1m[35mSQL (0.2ms)[0m  CREATE TABLE "searches" ("id" INTEGER PRIMARY KEY AUTOINCREMENT NOT NULL, "query_params" text, "user_id" integer, "created_at" datetime, "updated_at" datetime) 
  [1m[36mSQL (0.0ms)[0m  [1mPRAGMA index_list("searches")[0m
  [1m[35mSQL (0.1ms)[0m  CREATE INDEX "index_searches_on_user_id" ON "searches" ("user_id")
  [1m[36mSQL (0.1ms)[0m  [1mINSERT INTO "schema_migrations" ("version") VALUES ('20110721180006')[0m
Migrating to CreateBookmarks (20110721180007)
  [1m[35mSQL (0.8ms)[0m  CREATE TABLE "bookmarks" ("id" INTEGER PRIMARY KEY AUTOINCREMENT NOT NULL, "user_id" integer NOT NULL, "url" text, "document_id" varchar(255), "title" varchar(255), "notes" text, "created_at" datetime, "updated_at" datetime) 
  [1m[36mSQL (0.6ms)[0m  [1mINSERT INTO "schema_migrations" ("version") VALUES ('20110721180007')[0m
Migrating to RemoveEditableFieldsFromBookmarks (20110721180008)
  [1m[35mSQL (0.3ms)[0m  CREATE TEMPORARY TABLE "altered_bookmarks" ("id" INTEGER PRIMARY KEY AUTOINCREMENT NOT NULL, "user_id" integer NOT NULL, "url" text, "document_id" varchar(255), "title" varchar(255), "notes" text, "created_at" datetime, "updated_at" datetime) 
  [1m[36mSQL (0.0ms)[0m  [1mPRAGMA index_list("bookmarks")[0m
  [1m[35mSQL (0.2ms)[0m  DROP TABLE "bookmarks"
  [1m[36mSQL (0.1ms)[0m  [1mCREATE TABLE "bookmarks" ("id" INTEGER PRIMARY KEY AUTOINCREMENT NOT NULL, "user_id" integer NOT NULL, "url" text, "document_id" varchar(255), "title" varchar(255), "created_at" datetime, "updated_at" datetime) [0m
  [1m[35mSQL (0.0ms)[0m  PRAGMA index_list("altered_bookmarks")
  [1m[36mSQL (0.1ms)[0m  [1mDROP TABLE "altered_bookmarks"[0m
  [1m[35mSQL (0.1ms)[0m  CREATE TEMPORARY TABLE "altered_bookmarks" ("id" INTEGER PRIMARY KEY AUTOINCREMENT NOT NULL, "user_id" integer NOT NULL, "url" text, "document_id" varchar(255), "title" varchar(255), "created_at" datetime, "updated_at" datetime) 
  [1m[36mSQL (0.0ms)[0m  [1mPRAGMA index_list("bookmarks")[0m
  [1m[35mSQL (0.1ms)[0m  DROP TABLE "bookmarks"
  [1m[36mSQL (0.1ms)[0m  [1mCREATE TABLE "bookmarks" ("id" INTEGER PRIMARY KEY AUTOINCREMENT NOT NULL, "user_id" integer NOT NULL, "document_id" varchar(255), "title" varchar(255), "created_at" datetime, "updated_at" datetime) [0m
  [1m[35mSQL (0.0ms)[0m  PRAGMA index_list("altered_bookmarks")
  [1m[36mSQL (0.1ms)[0m  [1mDROP TABLE "altered_bookmarks"[0m
  [1m[35mSQL (0.1ms)[0m  INSERT INTO "schema_migrations" ("version") VALUES ('20110721180008')
Migrating to AddUserTypesToBookmarksSearches (20110721180009)
  [1m[36mSQL (0.3ms)[0m  [1mALTER TABLE "searches" ADD "user_type" varchar(255)[0m
  [1m[35mSQL (0.1ms)[0m  ALTER TABLE "bookmarks" ADD "user_type" varchar(255)
  [1m[36mAREL (0.1ms)[0m  [1mUPDATE "searches" SET user_type = 'user'[0m
  [1m[35mAREL (0.1ms)[0m  UPDATE "bookmarks" SET user_type = 'user'
  [1m[36mSQL (0.1ms)[0m  [1mINSERT INTO "schema_migrations" ("version") VALUES ('20110721180009')[0m
  [1m[35mSQL (0.2ms)[0m   SELECT name
 FROM sqlite_master
 WHERE type = 'table' AND NOT name = 'sqlite_sequence'
  [1m[36mSQL (0.1ms)[0m  [1mSELECT "schema_migrations"."version" FROM "schema_migrations"[0m
  [1m[35mSQL (0.1ms)[0m   SELECT name
 FROM sqlite_master
 WHERE type = 'table' AND NOT name = 'sqlite_sequence'
  [1m[36mSQL (0.0ms)[0m  [1mPRAGMA index_list("bookmarks")[0m
  [1m[35mSQL (0.1ms)[0m  PRAGMA index_list("searches")
  [1m[36mSQL (0.0ms)[0m  [1mPRAGMA index_info('index_searches_on_user_id')[0m
  [1m[35mSQL (0.1ms)[0m  PRAGMA index_list("users")
  [1m[36mSQL (0.0ms)[0m  [1mPRAGMA index_info('index_users_on_reset_password_token')[0m
  [1m[35mSQL (0.0ms)[0m  PRAGMA index_info('index_users_on_email')
DEPRECATION WARNING: config.action_view.debug_rjs will be removed in 3.1, from 3.1 onwards you will need to install prototype-rails to continue to use RJS templates . (called from /opt/nd/home/rjohns14/git_dir/atrium/config/environment.rb:5)
DEPRECATION WARNING: config.action_view.debug_rjs will be removed in 3.1, from 3.1 onwards you will need to install prototype-rails to continue to use RJS templates . (called from /opt/nd/home/rjohns14/git_dir/atrium/config/environment.rb:5)
DEPRECATION WARNING: config.action_view.debug_rjs will be removed in 3.1, from 3.1 onwards you will need to install prototype-rails to continue to use RJS templates . (called from /opt/nd/home/rjohns14/git_dir/atrium/config/environment.rb:5)


Started GET "/" for 127.0.0.1 at Thu Jul 21 14:04:12 -0400 2011
  Processing by CatalogController#index as HTML
Completed 500 Internal Server Error in 13ms

Errno::ECONNREFUSED (Connection refused - connect(2)):
  

Rendered /home/rjohns14/.rvm/gems/ruby-1.8.7-p302/gems/actionpack-3.0.9/lib/action_dispatch/middleware/templates/rescues/_trace.erb (0.9ms)
Rendered /home/rjohns14/.rvm/gems/ruby-1.8.7-p302/gems/actionpack-3.0.9/lib/action_dispatch/middleware/templates/rescues/_request_and_response.erb (85.8ms)
Rendered /home/rjohns14/.rvm/gems/ruby-1.8.7-p302/gems/actionpack-3.0.9/lib/action_dispatch/middleware/templates/rescues/diagnostics.erb within rescues/layout (90.2ms)
DEPRECATION WARNING: config.action_view.debug_rjs will be removed in 3.1, from 3.1 onwards you will need to install prototype-rails to continue to use RJS templates . (called from /opt/nd/home/rjohns14/git_dir/atrium/config/environment.rb:5)


Started GET "/" for 127.0.0.1 at Thu Jul 21 14:04:55 -0400 2011
  Processing by CatalogController#index as HTML
Solr fetch: CatalogController#get_search_results (247.1ms)
Rendered /opt/nd/home/rjohns14/.rvm/gems/ruby-1.8.7-p302/gems/blacklight-3.0.0/app/views/catalog/_search_form.html.erb (1.5ms)
Rendered /opt/nd/home/rjohns14/.rvm/gems/ruby-1.8.7-p302/gems/blacklight-3.0.0/app/views/catalog/_home_text.html.erb (0.2ms)
Rendered /opt/nd/home/rjohns14/.rvm/gems/ruby-1.8.7-p302/gems/blacklight-3.0.0/app/views/catalog/_facet_limit.html.erb (2.8ms)
Rendered /opt/nd/home/rjohns14/.rvm/gems/ruby-1.8.7-p302/gems/blacklight-3.0.0/app/views/catalog/_facet_limit.html.erb (6.2ms)
Rendered /opt/nd/home/rjohns14/.rvm/gems/ruby-1.8.7-p302/gems/blacklight-3.0.0/app/views/catalog/_facet_limit.html.erb (99.6ms)
Rendered /opt/nd/home/rjohns14/.rvm/gems/ruby-1.8.7-p302/gems/blacklight-3.0.0/app/views/catalog/_facet_limit.html.erb (5.5ms)
Rendered /opt/nd/home/rjohns14/.rvm/gems/ruby-1.8.7-p302/gems/blacklight-3.0.0/app/views/catalog/_facet_limit.html.erb (5.4ms)
Rendered /opt/nd/home/rjohns14/.rvm/gems/ruby-1.8.7-p302/gems/blacklight-3.0.0/app/views/catalog/_facet_limit.html.erb (5.7ms)
Rendered /opt/nd/home/rjohns14/.rvm/gems/ruby-1.8.7-p302/gems/blacklight-3.0.0/app/views/catalog/_facet_limit.html.erb (4.3ms)
Rendered /opt/nd/home/rjohns14/.rvm/gems/ruby-1.8.7-p302/gems/blacklight-3.0.0/app/views/catalog/_facets.html.erb (314.3ms)
Rendered /opt/nd/home/rjohns14/.rvm/gems/ruby-1.8.7-p302/gems/blacklight-3.0.0/app/views/catalog/_home.html.erb (322.3ms)
Rendered /opt/nd/home/rjohns14/.rvm/gems/ruby-1.8.7-p302/gems/blacklight-3.0.0/app/views/_user_util_links.html.erb (1.6ms)
Rendered /opt/nd/home/rjohns14/.rvm/gems/ruby-1.8.7-p302/gems/blacklight-3.0.0/app/views/_flash_msg.html.erb (0.5ms)
Rendered /opt/nd/home/rjohns14/.rvm/gems/ruby-1.8.7-p302/gems/blacklight-3.0.0/app/views/catalog/index.html.erb within layouts/blacklight (336.5ms)
Completed 200 OK in 593ms (Views: 343.1ms | ActiveRecord: 0.0ms)
